<?xml version="1.0" encoding="UTF-8"?>
<!-- Generated by org.testng.reporters.JUnitReportReporter -->
<testsuite hostname="Vijay" failures="0" tests="4" name="api_test.userTest" time="13.984" errors="0" timestamp="2024-05-05T20:24:43 IST" skipped="0">
  <testcase classname="api_test.userTest" name="testPostUser" time="8.132"/>
  <testcase classname="api_test.userTest" name="testGetUserByName" time="1.563"/>
  <testcase classname="api_test.userTest" name="testUpdateUserByName" time="2.860"/>
  <testcase classname="api_test.userTest" name="testDeleteUserByName" time="1.429"/>
</testsuite> <!-- api_test.userTest -->
