<?xml version="1.0" encoding="UTF-8"?>
<!-- Generated by org.testng.reporters.JUnitReportReporter -->
<testsuite hostname="Vijay" failures="0" tests="4" name="api_test.userTestWithPropertiesFile" time="35.487" errors="0" timestamp="2024-05-06T22:22:16 IST" skipped="0">
  <testcase classname="api_test.userTestWithPropertiesFile" name="testPostUser" time="6.410"/>
  <testcase classname="api_test.userTestWithPropertiesFile" name="testGetUserByName" time="3.127"/>
  <testcase classname="api_test.userTestWithPropertiesFile" name="testUpdateUserByName" time="18.040"/>
  <testcase classname="api_test.userTestWithPropertiesFile" name="testDeleteUserByName" time="7.910"/>
</testsuite> <!-- api_test.userTestWithPropertiesFile -->
