<?xml version="1.0" encoding="UTF-8"?>
<!-- Generated by org.testng.reporters.JUnitReportReporter -->
<testsuite hostname="Vijay" failures="0" tests="4" name="api_test.userTest" time="9.470" errors="0" timestamp="2024-05-06T21:23:07 IST" skipped="0">
  <testcase classname="api_test.userTest" name="testPostUser" time="4.853"/>
  <testcase classname="api_test.userTest" name="testGetUserByName" time="1.191"/>
  <testcase classname="api_test.userTest" name="testUpdateUserByName" time="2.294"/>
  <testcase classname="api_test.userTest" name="testDeleteUserByName" time="1.132"/>
</testsuite> <!-- api_test.userTest -->
